Determining if the pthread_create exist failed with the following output:
Change Dir: /home/mchornous/Training/C++GLBasecamp/HomeWork/Dubovyk/04/build/CMakeFiles/CMakeTmp

Run Build Command:"/usr/bin/make" "cmTC_24db5/fast"
/usr/bin/make -f CMakeFiles/cmTC_24db5.dir/build.make CMakeFiles/cmTC_24db5.dir/build
make[1]: Entering directory '/home/mchornous/Training/C++GLBasecamp/HomeWork/Dubovyk/04/build/CMakeFiles/CMakeTmp'
Building CXX object CMakeFiles/cmTC_24db5.dir/CheckSymbolExists.cxx.o
/usr/bin/c++      -o CMakeFiles/cmTC_24db5.dir/CheckSymbolExists.cxx.o -c /home/mchornous/Training/C++GLBasecamp/HomeWork/Dubovyk/04/build/CMakeFiles/CMakeTmp/CheckSymbolExists.cxx
Linking CXX executable cmTC_24db5
/usr/bin/cmake -E cmake_link_script CMakeFiles/cmTC_24db5.dir/link.txt --verbose=1
/usr/bin/c++        CMakeFiles/cmTC_24db5.dir/CheckSymbolExists.cxx.o  -o cmTC_24db5 -rdynamic 
CMakeFiles/cmTC_24db5.dir/CheckSymbolExists.cxx.o: In function `main':
CheckSymbolExists.cxx:(.text+0x16): undefined reference to `pthread_create'
collect2: error: ld returned 1 exit status
CMakeFiles/cmTC_24db5.dir/build.make:97: recipe for target 'cmTC_24db5' failed
make[1]: *** [cmTC_24db5] Error 1
make[1]: Leaving directory '/home/mchornous/Training/C++GLBasecamp/HomeWork/Dubovyk/04/build/CMakeFiles/CMakeTmp'
Makefile:126: recipe for target 'cmTC_24db5/fast' failed
make: *** [cmTC_24db5/fast] Error 2

File /home/mchornous/Training/C++GLBasecamp/HomeWork/Dubovyk/04/build/CMakeFiles/CMakeTmp/CheckSymbolExists.cxx:
/* */
#include <pthread.h>

int main(int argc, char** argv)
{
  (void)argv;
#ifndef pthread_create
  return ((int*)(&pthread_create))[argc];
#else
  (void)argc;
  return 0;
#endif
}

Determining if the function pthread_create exists in the pthreads failed with the following output:
Change Dir: /home/mchornous/Training/C++GLBasecamp/HomeWork/Dubovyk/04/build/CMakeFiles/CMakeTmp

Run Build Command:"/usr/bin/make" "cmTC_809cc/fast"
/usr/bin/make -f CMakeFiles/cmTC_809cc.dir/build.make CMakeFiles/cmTC_809cc.dir/build
make[1]: Entering directory '/home/mchornous/Training/C++GLBasecamp/HomeWork/Dubovyk/04/build/CMakeFiles/CMakeTmp'
Building CXX object CMakeFiles/cmTC_809cc.dir/CheckFunctionExists.cxx.o
/usr/bin/c++     -DCHECK_FUNCTION_EXISTS=pthread_create   -o CMakeFiles/cmTC_809cc.dir/CheckFunctionExists.cxx.o -c /home/mchornous/Training/C++GLBasecamp/HomeWork/Dubovyk/04/build/CMakeFiles/CheckLibraryExists/CheckFunctionExists.cxx
Linking CXX executable cmTC_809cc
/usr/bin/cmake -E cmake_link_script CMakeFiles/cmTC_809cc.dir/link.txt --verbose=1
/usr/bin/c++    -DCHECK_FUNCTION_EXISTS=pthread_create    CMakeFiles/cmTC_809cc.dir/CheckFunctionExists.cxx.o  -o cmTC_809cc -rdynamic -lpthreads 
/usr/bin/ld: cannot find -lpthreads
collect2: error: ld returned 1 exit status
CMakeFiles/cmTC_809cc.dir/build.make:97: recipe for target 'cmTC_809cc' failed
make[1]: *** [cmTC_809cc] Error 1
make[1]: Leaving directory '/home/mchornous/Training/C++GLBasecamp/HomeWork/Dubovyk/04/build/CMakeFiles/CMakeTmp'
Makefile:126: recipe for target 'cmTC_809cc/fast' failed
make: *** [cmTC_809cc/fast] Error 2


